mode: count
coverage-example/main.go:9.74,10.28 1 4
coverage-example/main.go:10.28,11.47 1 3
coverage-example/main.go:11.47,13.4 1 2
coverage-example/main.go:15.2,15.14 1 2
coverage-example/main.go:18.76,19.28 1 7
coverage-example/main.go:19.28,20.63 1 6
coverage-example/main.go:20.63,22.4 1 4
coverage-example/main.go:24.2,24.14 1 3
coverage-example/main.go:27.55,28.24 1 13
coverage-example/main.go:28.24,29.24 1 15
coverage-example/main.go:30.16,31.29 1 4
coverage-example/main.go:31.29,33.5 1 2
coverage-example/main.go:34.15,35.32 1 7
coverage-example/main.go:35.32,37.5 1 3
coverage-example/main.go:38.31,39.31 1 4
coverage-example/main.go:39.31,41.5 1 1
coverage-example/main.go:41.10,41.58 1 3
coverage-example/main.go:41.58,42.44 1 2
coverage-example/main.go:42.44,44.6 1 1
coverage-example/main.go:45.10,47.5 1 1
coverage-example/main.go:50.2,50.12 1 5
coverage-example/main.go:53.40,56.49 2 11
coverage-example/main.go:56.49,58.3 1 0
coverage-example/main.go:60.2,60.48 1 11
coverage-example/main.go:60.48,62.3 1 0
coverage-example/main.go:64.2,64.23 1 11
